mode: atomic
github.com/natac13/leetcode/go/two-sum/solution.go:3.43,6.25 2 3
github.com/natac13/leetcode/go/two-sum/solution.go:6.25,7.34 1 7
github.com/natac13/leetcode/go/two-sum/solution.go:7.34,9.4 1 3
github.com/natac13/leetcode/go/two-sum/solution.go:10.3,10.14 1 4
github.com/natac13/leetcode/go/two-sum/solution.go:13.2,13.16 1 0
github.com/natac13/leetcode/go/add-two-numbers/solution.go:16.58,24.31 6 3
github.com/natac13/leetcode/go/add-two-numbers/solution.go:24.31,28.17 2 7
github.com/natac13/leetcode/go/add-two-numbers/solution.go:28.17,31.4 2 7
github.com/natac13/leetcode/go/add-two-numbers/solution.go:33.3,33.17 1 7
github.com/natac13/leetcode/go/add-two-numbers/solution.go:33.17,36.4 2 7
github.com/natac13/leetcode/go/add-two-numbers/solution.go:38.3,43.21 4 7
github.com/natac13/leetcode/go/add-two-numbers/solution.go:43.21,46.4 2 3
github.com/natac13/leetcode/go/add-two-numbers/solution.go:46.9,49.4 2 4
github.com/natac13/leetcode/go/add-two-numbers/solution.go:53.2,53.15 1 3
github.com/natac13/leetcode/go/add-two-numbers/solution.go:53.15,55.3 1 1
github.com/natac13/leetcode/go/add-two-numbers/solution.go:57.2,57.13 1 3
